<?xml version="1.0" encoding="UTF-8"?>
<!-- Generated by org.testng.reporters.JUnitXMLReporter -->
<testsuite hostname="Dell-PC" name="Login" tests="5" failures="1" timestamp="27 Dec 2019 03:40:14 GMT" time="34.457" errors="0">
  <testcase name="verifyFooterMessage" time="0.205" classname="com.orangehrm.tests.LoginTest"/>
  <testcase name="verifyLoginWithBlankPassword" time="0.468" classname="com.orangehrm.tests.LoginTest"/>
  <testcase name="verifyLoginWithBlankUserName" time="0.44" classname="com.orangehrm.tests.LoginTest"/>
  <testcase name="verifyLoginWithInvalidCredentials" time="1.935" classname="com.orangehrm.tests.LoginTest"/>
  <testcase name="verifyLoginWithValidCredentials" time="4.081" classname="com.orangehrm.tests.LoginTest">
    <failure type="java.lang.AssertionError" message="Verify Welcome Message expected [Welcome Vishnu] but found [Welcome Admin]">
      <![CDATA[java.lang.AssertionError: Verify Welcome Message expected [Welcome Vishnu] but found [Welcome Admin]
	at com.orangehrm.tests.LoginTest.verifyLoginWithValidCredentials(LoginTest.java:18)
... Removed 29 stack frames]]>
    </failure>
  </testcase> <!-- verifyLoginWithValidCredentials -->
</testsuite> <!-- Login -->
